0 verbose cli /usr/local/bin/node /usr/local/bin/npm
1 info using npm@10.8.2
2 info using node@v20.19.6
3 silly config load:file:/usr/local/lib/node_modules/npm/npmrc
4 silly config load:file:/data/.npmrc
5 silly config load:file:/usr/src/node-red/.npmrc
6 silly config load:file:/usr/local/etc/npmrc
7 verbose title npm install pg
8 verbose argv "install" "pg"
9 verbose logfile logs-max:10 dir:/data/.npm/_logs/2026-01-22T02_13_13_352Z-
10 verbose logfile /data/.npm/_logs/2026-01-22T02_13_13_352Z-debug-0.log
11 silly packumentCache heap:2197815296 maxSize:549453824 maxEntrySize:274726912
12 silly logfile done cleaning log files
13 silly idealTree buildDeps
14 silly fetch manifest pg@*
15 silly packumentCache full:https://registry.npmjs.org/pg cache-miss
16 http fetch GET 200 https://registry.npmjs.org/npm 154ms
17 http fetch GET 200 https://registry.npmjs.org/pg 105ms (cache revalidated)
18 silly packumentCache full:https://registry.npmjs.org/pg set size:468487 disposed:false
19 silly fetch manifest pg-native@>=3.0.1
20 silly packumentCache full:https://registry.npmjs.org/pg-native cache-miss
21 http fetch GET 200 https://registry.npmjs.org/pg-native 34ms (cache revalidated)
22 silly packumentCache full:https://registry.npmjs.org/pg-native set size:87130 disposed:false
23 silly placeDep ROOT pg@8.17.2 REPLACE for: node-red-project@0.0.1 want: *
24 silly reify moves {}
25 silly audit bulk request {
25 silly audit   '@influxdata/influxdb-client': [ '1.33.2' ],
25 silly audit   influx: [ '5.9.7' ],
25 silly audit   lodash: [ '4.17.21' ],
25 silly audit   mustache: [ '4.2.0' ],
25 silly audit   'node-red-contrib-influxdb': [ '0.7.0' ],
25 silly audit   'node-red-contrib-postgresql': [ '0.15.4' ],
25 silly audit   'pg-cloudflare': [ '1.3.0' ],
25 silly audit   'pg-connection-string': [ '2.10.1' ],
25 silly audit   'pg-cursor': [ '2.16.2' ],
25 silly audit   'pg-int8': [ '1.0.1' ],
25 silly audit   'pg-pool': [ '3.11.0' ],
25 silly audit   'pg-protocol': [ '1.11.0' ],
25 silly audit   'pg-types': [ '2.2.0' ],
25 silly audit   pgpass: [ '1.0.5' ],
25 silly audit   'postgres-array': [ '2.0.0' ],
25 silly audit   'postgres-bytea': [ '1.0.1' ],
25 silly audit   'postgres-date': [ '1.0.7' ],
25 silly audit   'postgres-interval': [ '1.2.0' ],
25 silly audit   split2: [ '4.2.0' ],
25 silly audit   xtend: [ '4.0.2' ],
25 silly audit   pg: [ '8.17.2' ]
25 silly audit }
26 http fetch POST 200 https://registry.npmjs.org/-/npm/v1/security/advisories/bulk 199ms
27 silly audit report {
27 silly audit report   lodash: [
27 silly audit report     {
27 silly audit report       id: 1112455,
27 silly audit report       url: 'https://github.com/advisories/GHSA-xxjr-mmjv-4gpg',
27 silly audit report       title: 'Lodash has Prototype Pollution Vulnerability in `_.unset` and `_.omit` functions',
27 silly audit report       severity: 'moderate',
27 silly audit report       vulnerable_versions: '>=4.0.0 <=4.17.22',
27 silly audit report       cwe: [Array],
27 silly audit report       cvss: [Object]
27 silly audit report     }
27 silly audit report   ]
27 silly audit report }
28 silly packumentCache corgi:https://registry.npmjs.org/lodash cache-miss
29 http fetch GET 200 https://registry.npmjs.org/lodash 45ms (cache miss)
30 silly packumentCache corgi:https://registry.npmjs.org/lodash set size:undefined disposed:false
31 silly packumentCache corgi:https://registry.npmjs.org/node-red-contrib-influxdb cache-miss
32 http fetch GET 200 https://registry.npmjs.org/node-red-contrib-influxdb 251ms (cache miss)
33 silly packumentCache corgi:https://registry.npmjs.org/node-red-contrib-influxdb set size:undefined disposed:false
34 verbose cwd /data
35 verbose os Linux 6.8.0-1030-azure
36 verbose node v20.19.6
37 verbose npm  v10.8.2
38 notice
38 notice New [31mmajor[39m version of npm available! [31m10.8.2[39m -> [34m11.8.0[39m
38 notice Changelog: [34mhttps://github.com/npm/cli/releases/tag/v11.8.0[39m
38 notice To update run: [4mnpm install -g npm@11.8.0[24m
38 notice  { force: true, [Symbol(proc-log.meta)]: true }
39 verbose exit 0
40 info ok
